2018-04-03 14:28:24 [127.0.0.1][2][-][error][application] bbbbb
    in E:\project\backend\backend\modules\admin\controllers\CommonController.php:30
2018-04-03 14:28:24 [127.0.0.1][2][-][info][application] $_GET = [
    'page' => '1'
    'limit' => '2'
]

$_POST = []
2018-04-03 14:29:33 [127.0.0.1][2][-][error][application] bbbbb
    in E:\project\backend\backend\modules\admin\controllers\CommonController.php:30
2018-04-03 14:29:33 [127.0.0.1][2][-][info][application] $_GET = [
    'page' => '1'
    'limit' => '2'
]

$_POST = []
2018-04-03 14:38:39 [192.168.97.80][-][-][error][yii\web\HttpException:404] yii\base\InvalidRouteException: Unable to resolve the request "favicon.ico". in E:\project\backend\vendor\yiisoft\yii2\base\Module.php:537
Stack trace:
#0 E:\project\backend\vendor\yiisoft\yii2\web\Application.php(103): yii\base\Module->runAction('favicon.ico', Array)
#1 E:\project\backend\vendor\yiisoft\yii2\base\Application.php(386): yii\web\Application->handleRequest(Object(yii\web\Request))
#2 E:\project\backend\public\index.php(20): yii\base\Application->run()
#3 {main}

Next yii\web\NotFoundHttpException: 页面未找到。 in E:\project\backend\vendor\yiisoft\yii2\web\Application.php:115
Stack trace:
#0 E:\project\backend\vendor\yiisoft\yii2\base\Application.php(386): yii\web\Application->handleRequest(Object(yii\web\Request))
#1 E:\project\backend\public\index.php(20): yii\base\Application->run()
#2 {main}
2018-04-03 14:38:39 [192.168.97.80][-][-][info][application] $_GET = []

$_POST = []
2018-04-03 14:38:39 [192.168.97.80][-][-][error][yii\web\HttpException:401] yii\web\UnauthorizedHttpException: Your request was made with invalid credentials. in E:\project\backend\vendor\yiisoft\yii2\filters\auth\AuthMethod.php:93
Stack trace:
#0 E:\project\backend\vendor\yiisoft\yii2\filters\auth\AuthMethod.php(76): yii\filters\auth\AuthMethod->handleFailure(Object(yii\web\Response))
#1 E:\project\backend\vendor\yiisoft\yii2\base\ActionFilter.php(77): yii\filters\auth\AuthMethod->beforeAction(Object(yii\base\InlineAction))
#2 [internal function]: yii\base\ActionFilter->beforeFilter(Object(yii\base\ActionEvent))
#3 E:\project\backend\vendor\yiisoft\yii2\base\Component.php(627): call_user_func(Array, Object(yii\base\ActionEvent))
#4 E:\project\backend\vendor\yiisoft\yii2\base\Controller.php(274): yii\base\Component->trigger('beforeAction', Object(yii\base\ActionEvent))
#5 E:\project\backend\vendor\yiisoft\yii2\web\Controller.php(164): yii\base\Controller->beforeAction(Object(yii\base\InlineAction))
#6 E:\project\backend\vendor\yiisoft\yii2\base\Controller.php(155): yii\web\Controller->beforeAction(Object(yii\base\InlineAction))
#7 E:\project\backend\vendor\yiisoft\yii2\base\Module.php(528): yii\base\Controller->runAction('show-menus', Array)
#8 E:\project\backend\vendor\yiisoft\yii2\web\Application.php(103): yii\base\Module->runAction('admin/system-me...', Array)
#9 E:\project\backend\vendor\yiisoft\yii2\base\Application.php(386): yii\web\Application->handleRequest(Object(yii\web\Request))
#10 E:\project\backend\public\index.php(20): yii\base\Application->run()
#11 {main}
2018-04-03 14:38:39 [192.168.97.80][-][-][info][application] $_GET = [
    'time' => '1522737519'
    'sign' => 'ab68c0b70881a674643957bba151d998'
]

$_POST = []
2018-04-03 14:38:39 [192.168.97.80][-][-][error][yii\web\HttpException:404] yii\base\InvalidRouteException: Unable to resolve the request "favicon.ico". in E:\project\backend\vendor\yiisoft\yii2\base\Module.php:537
Stack trace:
#0 E:\project\backend\vendor\yiisoft\yii2\web\Application.php(103): yii\base\Module->runAction('favicon.ico', Array)
#1 E:\project\backend\vendor\yiisoft\yii2\base\Application.php(386): yii\web\Application->handleRequest(Object(yii\web\Request))
#2 E:\project\backend\public\index.php(20): yii\base\Application->run()
#3 {main}

Next yii\web\NotFoundHttpException: 页面未找到。 in E:\project\backend\vendor\yiisoft\yii2\web\Application.php:115
Stack trace:
#0 E:\project\backend\vendor\yiisoft\yii2\base\Application.php(386): yii\web\Application->handleRequest(Object(yii\web\Request))
#1 E:\project\backend\public\index.php(20): yii\base\Application->run()
#2 {main}
2018-04-03 14:38:39 [192.168.97.80][-][-][info][application] $_GET = []

$_POST = []
